0 info it worked if it ends with ok
1 verbose cli [ 'C:\\Program Files\\nodejs\\node.exe',
1 verbose cli   'C:\\Program Files\\nodejs\\node_modules\\npm\\bin\\npm-cli.js',
1 verbose cli   'run',
1 verbose cli   'lite' ]
2 info using npm@3.8.3
3 info using node@v5.10.1
4 verbose run-script [ 'prelite', 'lite', 'postlite' ]
5 info lifecycle jhcodev-angular2-template.driven.forms@1.0.0~prelite: jhcodev-angular2-template.driven.forms@1.0.0
6 silly lifecycle jhcodev-angular2-template.driven.forms@1.0.0~prelite: no script for prelite, continuing
7 info lifecycle jhcodev-angular2-template.driven.forms@1.0.0~lite: jhcodev-angular2-template.driven.forms@1.0.0
8 verbose lifecycle jhcodev-angular2-template.driven.forms@1.0.0~lite: unsafe-perm in lifecycle true
9 verbose lifecycle jhcodev-angular2-template.driven.forms@1.0.0~lite: PATH: C:\Program Files\nodejs\node_modules\npm\bin\node-gyp-bin;E:\Projects\GitHub\jhcodev.angular2.template.driven.forms\angular2-template-driven-forms\node_modules\.bin;C:\Program Files\nodejs;C:\Program Files\nodejs\node_modules\npm\bin\node-gyp-bin;E:\Projects\GitHub\jhcodev.angular2.template.driven.forms\angular2-template-driven-forms\node_modules\.bin;C:\Program Files\nodejs;C:\Users\Juanda\AppData\Local\GitHub\PortableGit_d76a6a98c9315931ec4927243517bc09e9b731a0\cmd;C:\Users\Juanda\AppData\Local\GitHub\PortableGit_d76a6a98c9315931ec4927243517bc09e9b731a0\usr\bin;C:\Users\Juanda\AppData\Local\GitHub\PortableGit_d76a6a98c9315931ec4927243517bc09e9b731a0\usr\share\git-tfs;C:\Users\Juanda\AppData\Local\Apps\2.0\W2H9P2YO.WM4\X9R07PN5.ZYC\gith..tion_317444273a93ac29_0003.0001_cbe40ecbe3e419d4;C:\Users\Juanda\AppData\Local\GitHub\lfs-amd64_1.2.0;C:\Windows\system32;C:\Windows;C:\Windows\System32\Wbem;C:\Windows\System32\WindowsPowerShell\v1.0\;C:\Program Files (x86)\Skype\Phone\;C:\Program Files\nodejs\;C:\Program Files\Amazon\AWSCLI\;C:\Windows\system32\config\systemprofile\.dnx\bin;C:\Program Files\Microsoft DNX\Dnvm\;C:\Program Files\Microsoft SQL Server\120\Tools\Binn\;C:\Program Files\Microsoft SQL Server\130\Tools\Binn\;C:\Program Files (x86)\Windows Kits\10\Windows Performance Toolkit\;C:\Program Files\Git\cmd;C:\Users\Juanda\AppData\Roaming\npm;C:\Users\Juanda\AppData\Local\atom\bin;C:\Program Files (x86)\Microsoft VS Code\bin;C:\Program Files (x86)\MSBuild\14.0\bin\;C:\Program Files (x86)\Microsoft SDKs\Windows\v8.1A\bin\NETFX 4.5.1 Tools\x64
10 verbose lifecycle jhcodev-angular2-template.driven.forms@1.0.0~lite: CWD: E:\Projects\GitHub\jhcodev.angular2.template.driven.forms\angular2-template-driven-forms
11 silly lifecycle jhcodev-angular2-template.driven.forms@1.0.0~lite: Args: [ '/d /s /c', 'lite-server' ]
12 silly lifecycle jhcodev-angular2-template.driven.forms@1.0.0~lite: Returned: code: 3  signal: null
13 info lifecycle jhcodev-angular2-template.driven.forms@1.0.0~lite: Failed to exec lite script
14 verbose stack Error: jhcodev-angular2-template.driven.forms@1.0.0 lite: `lite-server`
14 verbose stack Exit status 3
14 verbose stack     at EventEmitter.<anonymous> (C:\Program Files\nodejs\node_modules\npm\lib\utils\lifecycle.js:239:16)
14 verbose stack     at emitTwo (events.js:100:13)
14 verbose stack     at EventEmitter.emit (events.js:185:7)
14 verbose stack     at ChildProcess.<anonymous> (C:\Program Files\nodejs\node_modules\npm\lib\utils\spawn.js:24:14)
14 verbose stack     at emitTwo (events.js:100:13)
14 verbose stack     at ChildProcess.emit (events.js:185:7)
14 verbose stack     at maybeClose (internal/child_process.js:850:16)
14 verbose stack     at Process.ChildProcess._handle.onexit (internal/child_process.js:215:5)
15 verbose pkgid jhcodev-angular2-template.driven.forms@1.0.0
16 verbose cwd E:\Projects\GitHub\jhcodev.angular2.template.driven.forms\angular2-template-driven-forms
17 error Windows_NT 10.0.10586
18 error argv "C:\\Program Files\\nodejs\\node.exe" "C:\\Program Files\\nodejs\\node_modules\\npm\\bin\\npm-cli.js" "run" "lite"
19 error node v5.10.1
20 error npm  v3.8.3
21 error code ELIFECYCLE
22 error jhcodev-angular2-template.driven.forms@1.0.0 lite: `lite-server`
22 error Exit status 3
23 error Failed at the jhcodev-angular2-template.driven.forms@1.0.0 lite script 'lite-server'.
23 error Make sure you have the latest version of node.js and npm installed.
23 error If you do, this is most likely a problem with the jhcodev-angular2-template.driven.forms package,
23 error not with npm itself.
23 error Tell the author that this fails on your system:
23 error     lite-server
23 error You can get information on how to open an issue for this project with:
23 error     npm bugs jhcodev-angular2-template.driven.forms
23 error Or if that isn't available, you can get their info via:
23 error     npm owner ls jhcodev-angular2-template.driven.forms
23 error There is likely additional logging output above.
24 verbose exit [ 1, true ]
